app/build/outputs/logs/manifest-merger-debug-report.txt
-- Merging decision tree log ---
manifest
ADDED from src\main\AndroidManifest.xml:1:1-434:12
	package
		ADDED from src\main\AndroidManifest.xml:2:5-34
		INJECTED from src\main\AndroidManifest.xml
		INJECTED from src\main\AndroidManifest.xml
	android:versionName
		ADDED from src\main\AndroidManifest.xml:5:5-30
		INJECTED from src\main\AndroidManifest.xml
		INJECTED from src\main\AndroidManifest.xml
	android:versionCode
		ADDED from src\main\AndroidManifest.xml:4:5-28
		INJECTED from src\main\AndroidManifest.xml
		INJECTED from src\main\AndroidManifest.xml
	xmlns:android
		ADDED from src\main\AndroidManifest.xml:1:11-69
	android:installLocation
		ADDED from src\main\AndroidManifest.xml:3:5-35
supports-screens
ADDED from src\main\AndroidManifest.xml:8:5-14:40
	android:largeScreens
		ADDED from src\main\AndroidManifest.xml:10:9-36
	android:smallScreens
		ADDED from src\main\AndroidManifest.xml:13:9-36
	android:normalScreens
		ADDED from src\main\AndroidManifest.xml:11:9-37
	android:xlargeScreens
		ADDED from src\main\AndroidManifest.xml:14:9-37
	android:resizeable
		ADDED from src\main\AndroidManifest.xml:12:9-34
	android:anyDensity
		ADDED from src\main\AndroidManifest.xml:9:9-34
uses-sdk
ADDED from src\main\AndroidManifest.xml:17:5-19:41
	android:targetSdkVersion
		ADDED from src\main\AndroidManifest.xml:19:9-38
		INJECTED from src\main\AndroidManifest.xml
		INJECTED from src\main\AndroidManifest.xml
	android:minSdkVersion
		ADDED from src\main\AndroidManifest.xml:18:9-34
		INJECTED from src\main\AndroidManifest.xml
		INJECTED from src\main\AndroidManifest.xml
instrumentation
ADDED from src\main\AndroidManifest.xml:22:5-25:55
	android:label
		ADDED from src\main\AndroidManifest.xml:24:9-42
	android:targetPackage
		ADDED from src\main\AndroidManifest.xml:25:9-52
	android:name
		ADDED from src\main\AndroidManifest.xml:23:9-62
uses-permission#android.permission.GET_ACCOUNTS
ADDED from src\main\AndroidManifest.xml:29:5-71
	android:name
		ADDED from src\main\AndroidManifest.xml:29:22-68
uses-permission#android.permission.USE_CREDENTIALS
ADDED from src\main\AndroidManifest.xml:31:5-74
	android:name
		ADDED from src\main\AndroidManifest.xml:31:22-71
uses-permission#android.permission.MANAGE_ACCOUNTS
ADDED from src\main\AndroidManifest.xml:33:5-74
	android:name
		ADDED from src\main\AndroidManifest.xml:33:22-71
uses-permission#android.permission.AUTHENTICATE_ACCOUNTS
ADDED from src\main\AndroidManifest.xml:35:5-80
	android:name
		ADDED from src\main\AndroidManifest.xml:35:22-77
uses-permission#com.android.launcher.permission.READ_SETTINGS
ADDED from src\main\AndroidManifest.xml:36:5-85
	android:name
		ADDED from src\main\AndroidManifest.xml:36:22-82
uses-permission#android.permission.BROADCAST_STICKY
ADDED from src\main\AndroidManifest.xml:38:5-75
	android:name
		ADDED from src\main\AndroidManifest.xml:38:22-72
uses-permission#android.permission.WRITE_SETTINGS
ADDED from src\main\AndroidManifest.xml:40:5-73
	android:name
		ADDED from src\main\AndroidManifest.xml:40:22-70
uses-permission#android.permission.ACCESS_COARSE_LOCATION
ADDED from src\main\AndroidManifest.xml:42:5-81
	android:name
		ADDED from src\main\AndroidManifest.xml:42:22-78
uses-permission#android.permission.ACCESS_FINE_LOCATION
ADDED from src\main\AndroidManifest.xml:44:5-79
	android:name
		ADDED from src\main\AndroidManifest.xml:44:22-76
uses-permission#android.permission.ACCESS_WIFI_STATE
ADDED from src\main\AndroidManifest.xml:46:5-76
	android:name
		ADDED from src\main\AndroidManifest.xml:46:22-73
uses-permission#android.permission.ACCESS_NETWORK_STATE
ADDED from src\main\AndroidManifest.xml:48:5-79
	android:name
		ADDED from src\main\AndroidManifest.xml:48:22-76
uses-permission#android.permission.CHANGE_WIFI_STATE
ADDED from src\main\AndroidManifest.xml:50:5-76
	android:name
		ADDED from src\main\AndroidManifest.xml:50:22-73
uses-permission#android.permission.WRITE_EXTERNAL_STORAGE
ADDED from src\main\AndroidManifest.xml:52:5-81
	android:name
		ADDED from src\main\AndroidManifest.xml:52:22-78
uses-permission#android.permission.INTERNET
ADDED from src\main\AndroidManifest.xml:54:5-67
	android:name
		ADDED from src\main\AndroidManifest.xml:54:22-64
uses-permission#android.permission.READ_LOGS
ADDED from src\main\AndroidManifest.xml:56:5-68
	android:name
		ADDED from src\main\AndroidManifest.xml:56:22-65
uses-permission#android.permission.MOUNT_UNMOUNT_FILESYSTEMS
ADDED from src\main\AndroidManifest.xml:58:5-84
	android:name
		ADDED from src\main\AndroidManifest.xml:58:22-81
uses-permission#android.permission.READ_PHONE_STATE
ADDED from src\main\AndroidManifest.xml:60:5-75
	android:name
		ADDED from src\main\AndroidManifest.xml:60:22-72
uses-permission#android.permission.CALL_PHONE
ADDED from src\main\AndroidManifest.xml:62:5-69
	android:name
		ADDED from src\main\AndroidManifest.xml:62:22-66
uses-permission#android.permission.CAMERA
ADDED from src\main\AndroidManifest.xml:64:5-65
	android:name
		ADDED from src\main\AndroidManifest.xml:64:22-62
uses-permission#android.permission.SEND_SMS
ADDED from src\main\AndroidManifest.xml:67:5-67
	android:name
		ADDED from src\main\AndroidManifest.xml:67:22-64
uses-permission#android.permission.READ_SMS
ADDED from src\main\AndroidManifest.xml:69:5-67
	android:name
		ADDED from src\main\AndroidManifest.xml:69:22-64
uses-permission#android.permission.WRITE_SMS
ADDED from src\main\AndroidManifest.xml:71:5-68
	android:name
		ADDED from src\main\AndroidManifest.xml:71:22-65
uses-permission#android.permission.RECEIVE_SMS
ADDED from src\main\AndroidManifest.xml:73:5-70
	android:name
		ADDED from src\main\AndroidManifest.xml:73:22-67
permission#oem.permission.SENDMAIL
ADDED from src\main\AndroidManifest.xml:75:5-77:44
	android:protectionLevel
		ADDED from src\main\AndroidManifest.xml:77:9-41
	android:name
		ADDED from src\main\AndroidManifest.xml:76:9-47
uses-feature#android.hardware.camera
ADDED from src\main\AndroidManifest.xml:79:5-60
	android:name
		ADDED from src\main\AndroidManifest.xml:79:19-57
uses-feature#android.hardware.camera.autofocus
ADDED from src\main\AndroidManifest.xml:80:5-82:36
	android:required
		ADDED from src\main\AndroidManifest.xml:82:9-33
	android:name
		ADDED from src\main\AndroidManifest.xml:81:9-57
uses-permission#android.permission.RECEIVE_BOOT_COMPLETED
ADDED from src\main\AndroidManifest.xml:85:5-81
	android:name
		ADDED from src\main\AndroidManifest.xml:85:22-78
uses-permission#android.permission.VIBRATE
ADDED from src\main\AndroidManifest.xml:87:5-66
	android:name
		ADDED from src\main\AndroidManifest.xml:87:22-63
uses-permission#android.permission.ACCESS_DOWNLOAD_MANAGER
ADDED from src\main\AndroidManifest.xml:88:5-82
	android:name
		ADDED from src\main\AndroidManifest.xml:88:22-79
uses-permission#android.permission.DOWNLOAD_WITHOUT_NOTIFICATION
ADDED from src\main\AndroidManifest.xml:89:5-88
	android:name
		ADDED from src\main\AndroidManifest.xml:89:22-85
uses-permission#android.permission.DISABLE_KEYGUARD
ADDED from src\main\AndroidManifest.xml:91:5-75
	android:name
		ADDED from src\main\AndroidManifest.xml:91:22-72
uses-permission#android.permission.CHANGE_CONFIGURATION
ADDED from src\main\AndroidManifest.xml:93:5-79
	android:name
		ADDED from src\main\AndroidManifest.xml:93:22-76
uses-permission#android.permission.FLASHLIGHT
ADDED from src\main\AndroidManifest.xml:95:5-69
	android:name
		ADDED from src\main\AndroidManifest.xml:95:22-66
uses-permission#android.permission.READ_CONTACTS
ADDED from src\main\AndroidManifest.xml:97:5-72
	android:name
		ADDED from src\main\AndroidManifest.xml:97:22-69
uses-permission#android.permission.GET_TASKS
ADDED from src\main\AndroidManifest.xml:100:5-68
	android:name
		ADDED from src\main\AndroidManifest.xml:100:22-65
application
ADDED from src\main\AndroidManifest.xml:103:5-432:19
	android:label
		ADDED from src\main\AndroidManifest.xml:107:9-41
	android:allowBackup
		ADDED from src\main\AndroidManifest.xml:105:9-36
	android:icon
		ADDED from src\main\AndroidManifest.xml:106:9-45
	android:theme
		ADDED from src\main\AndroidManifest.xml:108:9-40
	android:name
		ADDED from src\main\AndroidManifest.xml:104:9-56
uses-library#android.test.runner
ADDED from src\main\AndroidManifest.xml:111:9-60
	android:name
		ADDED from src\main\AndroidManifest.xml:111:23-57
activity#com.zftlive.android.Launcher
ADDED from src\main\AndroidManifest.xml:114:9-122:20
	android:theme
		ADDED from src\main\AndroidManifest.xml:116:13-71
	android:name
		ADDED from src\main\AndroidManifest.xml:115:13-37
intent-filter#android.intent.action.MAIN+android.intent.category.LAUNCHER
ADDED from src\main\AndroidManifest.xml:117:13-121:29
action#android.intent.action.MAIN
ADDED from src\main\AndroidManifest.xml:118:17-69
	android:name
		ADDED from src\main\AndroidManifest.xml:118:25-66
category#android.intent.category.LAUNCHER
ADDED from src\main\AndroidManifest.xml:120:17-77
	android:name
		ADDED from src\main\AndroidManifest.xml:120:27-74
activity#com.zftlive.android.sample.MainActivity
ADDED from src\main\AndroidManifest.xml:125:9-132:55
	android:screenOrientation
		ADDED from src\main\AndroidManifest.xml:131:13-49
	android:label
		ADDED from src\main\AndroidManifest.xml:128:13-49
	android:launchMode
		ADDED from src\main\AndroidManifest.xml:129:13-44
	android:windowSoftInputMode
		ADDED from src\main\AndroidManifest.xml:132:13-52
	android:configChanges
		ADDED from src\main\AndroidManifest.xml:127:13-74
	android:logo
		ADDED from src\main\AndroidManifest.xml:130:13-56
	android:name
		ADDED from src\main\AndroidManifest.xml:126:13-48
activity#com.zftlive.android.common.GuideActivity
ADDED from src\main\AndroidManifest.xml:138:9-150:20
	android:screenOrientation
		ADDED from src\main\AndroidManifest.xml:142:13-49
	android:label
		ADDED from src\main\AndroidManifest.xml:141:13-50
	android:windowSoftInputMode
		ADDED from src\main\AndroidManifest.xml:144:13-73
	android:configChanges
		ADDED from src\main\AndroidManifest.xml:140:13-74
	android:theme
		ADDED from src\main\AndroidManifest.xml:143:13-71
	android:name
		ADDED from src\main\AndroidManifest.xml:139:13-49
intent-filter#android.intent.action.MAIN+com.zftlive.android.SAMPLE_CODE
ADDED from src\main\AndroidManifest.xml:145:13-149:29
category#com.zftlive.android.SAMPLE_CODE
ADDED from src\main\AndroidManifest.xml:148:17-76
	android:name
		ADDED from src\main\AndroidManifest.xml:148:27-73
activity#com.zftlive.android.common.FeedbackActivity
ADDED from src\main\AndroidManifest.xml:153:9-164:20
	android:screenOrientation
		ADDED from src\main\AndroidManifest.xml:157:13-49
	android:label
		ADDED from src\main\AndroidManifest.xml:156:13-53
	android:windowSoftInputMode
		ADDED from src\main\AndroidManifest.xml:158:13-73
	android:configChanges
		ADDED from src\main\AndroidManifest.xml:155:13-74
	android:name
		ADDED from src\main\AndroidManifest.xml:154:13-52
activity#com.zftlive.android.zxing.CaptureActivity
ADDED from src\main\AndroidManifest.xml:167:9-172:76
	android:screenOrientation
		ADDED from src\main\AndroidManifest.xml:170:13-49
	android:windowSoftInputMode
		ADDED from src\main\AndroidManifest.xml:172:13-73
	android:configChanges
		ADDED from src\main\AndroidManifest.xml:169:13-74
	android:theme
		ADDED from src\main\AndroidManifest.xml:171:13-71
	android:name
		ADDED from src\main\AndroidManifest.xml:168:13-50
activity#com.zftlive.android.sample.popupwindow.PopDialogMenuActivity
ADDED from src\main\AndroidManifest.xml:175:9-186:20
	android:screenOrientation
		ADDED from src\main\AndroidManifest.xml:179:13-49
	android:label
		ADDED from src\main\AndroidManifest.xml:178:13-58
	android:windowSoftInputMode
		ADDED from src\main\AndroidManifest.xml:180:13-73
	android:configChanges
		ADDED from src\main\AndroidManifest.xml:177:13-74
	android:name
		ADDED from src\main\AndroidManifest.xml:176:13-69
activity#com.zftlive.android.sample.chart.LineChartActivity
ADDED from src\main\AndroidManifest.xml:189:9-200:20
	android:screenOrientation
		ADDED from src\main\AndroidManifest.xml:193:13-49
	android:label
		ADDED from src\main\AndroidManifest.xml:192:13-54
	android:windowSoftInputMode
		ADDED from src\main\AndroidManifest.xml:194:13-73
	android:configChanges
		ADDED from src\main\AndroidManifest.xml:191:13-74
	android:name
		ADDED from src\main\AndroidManifest.xml:190:13-59
activity#com.zftlive.android.sample.image.ImageListviewActivity
ADDED from src\main\AndroidManifest.xml:203:9-214:20
	android:screenOrientation
		ADDED from src\main\AndroidManifest.xml:207:13-49
	android:label
		ADDED from src\main\AndroidManifest.xml:206:13-58
	android:windowSoftInputMode
		ADDED from src\main\AndroidManifest.xml:208:13-73
	android:configChanges
		ADDED from src\main\AndroidManifest.xml:205:13-74
	android:name
		ADDED from src\main\AndroidManifest.xml:204:13-63
activity#com.zftlive.android.sample.camera.CameraPictureActivity
ADDED from src\main\AndroidManifest.xml:217:9-228:20
	android:screenOrientation
		ADDED from src\main\AndroidManifest.xml:221:13-49
	android:label
		ADDED from src\main\AndroidManifest.xml:220:13-58
	android:windowSoftInputMode
		ADDED from src\main\AndroidManifest.xml:222:13-73
	android:configChanges
		ADDED from src\main\AndroidManifest.xml:219:13-74
	android:name
		ADDED from src\main\AndroidManifest.xml:218:13-64
activity#com.zftlive.android.sample.db.DBDemoActivity
ADDED from src\main\AndroidManifest.xml:231:9-242:20
	android:screenOrientation
		ADDED from src\main\AndroidManifest.xml:235:13-49
	android:label
		ADDED from src\main\AndroidManifest.xml:234:13-51
	android:windowSoftInputMode
		ADDED from src\main\AndroidManifest.xml:236:13-73
	android:configChanges
		ADDED from src\main\AndroidManifest.xml:233:13-74
	android:name
		ADDED from src\main\AndroidManifest.xml:232:13-53
activity#com.zftlive.android.sample.zxing.ZxingGenBinActivity
ADDED from src\main\AndroidManifest.xml:245:9-256:20
	android:screenOrientation
		ADDED from src\main\AndroidManifest.xml:249:13-49
	android:label
		ADDED from src\main\AndroidManifest.xml:248:13-56
	android:windowSoftInputMode
		ADDED from src\main\AndroidManifest.xml:250:13-73
	android:configChanges
		ADDED from src\main\AndroidManifest.xml:247:13-74
	android:name
		ADDED from src\main\AndroidManifest.xml:246:13-61
activity#com.zftlive.android.sample.zxing.ZxingSacnnerActivity
ADDED from src\main\AndroidManifest.xml:259:9-270:20
	android:screenOrientation
		ADDED from src\main\AndroidManifest.xml:263:13-49
	android:label
		ADDED from src\main\AndroidManifest.xml:262:13-57
	android:windowSoftInputMode
		ADDED from src\main\AndroidManifest.xml:264:13-73
	android:configChanges
		ADDED from src\main\AndroidManifest.xml:261:13-74
	android:name
		ADDED from src\main\AndroidManifest.xml:260:13-62
activity#com.zftlive.android.sample.soap.ProviceActivity
ADDED from src\main\AndroidManifest.xml:273:9-284:20
	android:screenOrientation
		ADDED from src\main\AndroidManifest.xml:277:13-49
	android:label
		ADDED from src\main\AndroidManifest.xml:276:13-41
	android:windowSoftInputMode
		ADDED from src\main\AndroidManifest.xml:278:13-73
	android:configChanges
		ADDED from src\main\AndroidManifest.xml:275:13-74
	android:name
		ADDED from src\main\AndroidManifest.xml:274:13-56
activity#com.zftlive.android.sample.soap.CityActivity
ADDED from src\main\AndroidManifest.xml:285:9-290:20
	android:screenOrientation
		ADDED from src\main\AndroidManifest.xml:288:13-49
	android:windowSoftInputMode
		ADDED from src\main\AndroidManifest.xml:289:13-73
	android:configChanges
		ADDED from src\main\AndroidManifest.xml:287:13-74
	android:name
		ADDED from src\main\AndroidManifest.xml:286:13-53
activity#com.zftlive.android.sample.soap.WeatherActivity
ADDED from src\main\AndroidManifest.xml:291:9-296:20
	android:screenOrientation
		ADDED from src\main\AndroidManifest.xml:294:13-49
	android:windowSoftInputMode
		ADDED from src\main\AndroidManifest.xml:295:13-73
	android:configChanges
		ADDED from src\main\AndroidManifest.xml:293:13-74
	android:name
		ADDED from src\main\AndroidManifest.xml:292:13-56
activity#com.zftlive.android.sample.sms.PhoneValidateCodeActivity
ADDED from src\main\AndroidManifest.xml:299:9-310:20
	android:screenOrientation
		ADDED from src\main\AndroidManifest.xml:303:13-49
	android:label
		ADDED from src\main\AndroidManifest.xml:302:13-62
	android:windowSoftInputMode
		ADDED from src\main\AndroidManifest.xml:304:13-73
	android:configChanges
		ADDED from src\main\AndroidManifest.xml:301:13-74
	android:name
		ADDED from src\main\AndroidManifest.xml:300:13-65
activity#com.zftlive.android.sample.progressbar.ProgressBarActivity
ADDED from src\main\AndroidManifest.xml:313:9-324:20
	android:screenOrientation
		ADDED from src\main\AndroidManifest.xml:317:13-49
	android:label
		ADDED from src\main\AndroidManifest.xml:316:13-56
	android:windowSoftInputMode
		ADDED from src\main\AndroidManifest.xml:318:13-73
	android:configChanges
		ADDED from src\main\AndroidManifest.xml:315:13-74
	android:name
		ADDED from src\main\AndroidManifest.xml:314:13-67
activity#com.zftlive.android.sample.data.AutoGainFormActivity
ADDED from src\main\AndroidManifest.xml:327:9-338:20
	android:screenOrientation
		ADDED from src\main\AndroidManifest.xml:331:13-49
	android:label
		ADDED from src\main\AndroidManifest.xml:330:13-57
	android:windowSoftInputMode
		ADDED from src\main\AndroidManifest.xml:332:13-73
	android:configChanges
		ADDED from src\main\AndroidManifest.xml:329:13-74
	android:name
		ADDED from src\main\AndroidManifest.xml:328:13-61
activity#com.zftlive.android.sample.animation.AnimationInActivity
ADDED from src\main\AndroidManifest.xml:341:9-352:20
	android:screenOrientation
		ADDED from src\main\AndroidManifest.xml:345:13-49
	android:label
		ADDED from src\main\AndroidManifest.xml:344:13-56
	android:windowSoftInputMode
		ADDED from src\main\AndroidManifest.xml:346:13-73
	android:configChanges
		ADDED from src\main\AndroidManifest.xml:343:13-74
	android:name
		ADDED from src\main\AndroidManifest.xml:342:13-65
activity#com.zftlive.android.sample.animation.AnimationOutActivity
ADDED from src\main\AndroidManifest.xml:353:9-358:20
	android:screenOrientation
		ADDED from src\main\AndroidManifest.xml:356:13-49
	android:windowSoftInputMode
		ADDED from src\main\AndroidManifest.xml:357:13-73
	android:configChanges
		ADDED from src\main\AndroidManifest.xml:355:13-74
	android:name
		ADDED from src\main\AndroidManifest.xml:354:13-66
activity#com.zftlive.android.sample.sms.SMSOperationActivity
ADDED from src\main\AndroidManifest.xml:361:9-372:20
	android:screenOrientation
		ADDED from src\main\AndroidManifest.xml:365:13-49
	android:label
		ADDED from src\main\AndroidManifest.xml:364:13-57
	android:windowSoftInputMode
		ADDED from src\main\AndroidManifest.xml:366:13-73
	android:configChanges
		ADDED from src\main\AndroidManifest.xml:363:13-74
	android:name
		ADDED from src\main\AndroidManifest.xml:362:13-60
activity#com.zftlive.android.sample.basic.BasicTestActivity
ADDED from src\main\AndroidManifest.xml:375:9-386:20
	android:screenOrientation
		ADDED from src\main\AndroidManifest.xml:379:13-49
	android:label
		ADDED from src\main\AndroidManifest.xml:378:13-54
	android:windowSoftInputMode
		ADDED from src\main\AndroidManifest.xml:380:13-73
	android:configChanges
		ADDED from src\main\AndroidManifest.xml:377:13-74
	android:name
		ADDED from src\main\AndroidManifest.xml:376:13-59
activity#com.zftlive.android.sample.menu.DrawerLayoutActivity
ADDED from src\main\AndroidManifest.xml:389:9-400:20
	android:screenOrientation
		ADDED from src\main\AndroidManifest.xml:393:13-49
	android:label
		ADDED from src\main\AndroidManifest.xml:392:13-57
	android:windowSoftInputMode
		ADDED from src\main\AndroidManifest.xml:394:13-73
	android:configChanges
		ADDED from src\main\AndroidManifest.xml:391:13-74
	android:name
		ADDED from src\main\AndroidManifest.xml:390:13-61
activity#com.zftlive.android.sample.fixed.HVScorllListviewActivity
ADDED from src\main\AndroidManifest.xml:403:9-414:20
	android:screenOrientation
		ADDED from src\main\AndroidManifest.xml:407:13-49
	android:label
		ADDED from src\main\AndroidManifest.xml:406:13-61
	android:windowSoftInputMode
		ADDED from src\main\AndroidManifest.xml:408:13-73
	android:configChanges
		ADDED from src\main\AndroidManifest.xml:405:13-74
	android:name
		ADDED from src\main\AndroidManifest.xml:404:13-66
receiver#com.zftlive.android.sample.sms.SMSBroadcastReceiver
ADDED from src\main\AndroidManifest.xml:416:9-422:20
	android:name
		ADDED from src\main\AndroidManifest.xml:416:19-66
intent-filter#android.intent.category.DEFAULT+android.provider.Telephony.SMS_RECEIVED
ADDED from src\main\AndroidManifest.xml:417:13-421:29
	android:priority
		ADDED from src\main\AndroidManifest.xml:417:28-57
action#android.provider.Telephony.SMS_RECEIVED
ADDED from src\main\AndroidManifest.xml:418:17-82
	android:name
		ADDED from src\main\AndroidManifest.xml:418:25-79
category#android.intent.category.DEFAULT
ADDED from src\main\AndroidManifest.xml:420:17-76
	android:name
		ADDED from src\main\AndroidManifest.xml:420:27-73